This is METAFONT, Version 2.71828182 (preloaded base=mf 2024.2.12)  17 MAY 2024 23:55
**\mode:=ljfour; mag:=0+300/600; nonstopmode; input bskms10
(/usr/local/texlive/2023/texmf-dist/fonts/source/public/boisik/bskms10.mf (/usr/local/texlive/2023/texmf-dist/fonts/source/public/boisik/bskbase.mf) (/usr/local/texlive/2023/texmf-dist/fonts/source/public/boisik/bskmathms.mf (/usr/local/texlive/2023/texmf-dist/fonts/source/public/boisik/bsklist-ms.mf) (/usr/local/texlive/2023/texmf-dist/fonts/source/public/boisik/bsksymbols.mf [228] [218] [219] [220] [62] [63] [222] [176] [177] [179] [178] [254] [255] [183] [182] [180] [181] [202] [203] [241] [242] [208] [209] [210] [132] [192] [136] [144] [128] [140] [130] [138] [188] [146] [190] [154] [133] [193] [137] [145] [129] [141] [131] [139] [189] [147] [191] [155] [194] [195] [196] [198] [197] [199] [248] [227] [158] [168] [160] [170] [204] [164] [166] [162] [200] [159] [169] [161] [171] [205] [165] [167] [163] [201] [60] [96] [61] [252] [253] [249] [251] [250] [173] [174] [172] [175] [233] [234] [232] [235] [236] [237] [64] [231] [152] [230] [153] [221] [226] [207] [206] [134] [150] [186] [148] [184] [156] [142] [135] [151] [187] [149] [185] [157] [143] [58] [59] [229] [243] [245] [246] [247] [244] [240] [215] [211] [212] [216] [217] [224] [225] [213] [214] [223] [238] [239]) (/usr/local/texlive/2023/texmf-dist/fonts/source/public/boisik/bsklist-bb.mf) (/usr/local/texlive/2023/texmf-dist/fonts/source/public/boisik/bskletters-r.mf [65] [66] [67] [68] [69] [70] [71] [72] [73] [74] [75] [76] [77] [78] [79] [80] [81] [82] [83] [84] [85] [86] [87] [88] [89] [90] [97] [98] [99] [100]
> 0 ESE SSE 1 SSW WSW WNW NNW WNW WSW SSW SSE 2 3 ESE ENE NNE ENE ESE 0
! Strange path (turning number is zero).
<to be read again> 
                   ;
erase->...fault_wt_:=_;cullit;(TEXT0)withweight._;
                                                  cullit;endgroup
<to be read again> 
                   ;
infill->cullit;path._p;_p:=(TEXT0);erase.fill._p;
                                                 draw._p;
<to be read again> 
                   ;
l.5609 ...rundy(p103,tim105).zpet) of p103..cycle;
                                                  
The path doesn't have a counterclockwise orientation,
so I'll probably have trouble drawing it.
(See Chapter 27 of The METAFONTbook for more help.)

[101] [102] [103] [104] [123] [105] [124] [106] [107] [108] [109] [110] [111] [112] [113] [114] [115] [116] [117] [118] [119] [120] [121] [122] [48] [49]
> 0 ESE SSE 1 SSW WSW WNW WSW SSW SSE 2 3 SSW SSE ESE ENE NNE ENE ESE 0
! Strange path (turning number is zero).
<to be read again> 
                   ;
erase->...fault_wt_:=_;cullit;(TEXT0)withweight._;
                                                  cullit;endgroup
<to be read again> 
                   ;
infill->cullit;path._p;_p:=(TEXT0);erase.fill._p;
                                                 draw._p;
<to be read again> 
                   ;
l.9857        ..cycle;
                      
The path doesn't have a counterclockwise orientation,
so I'll probably have trouble drawing it.
(See Chapter 27 of The METAFONTbook for more help.)

[50] [51] [52] [53] [54] [55] [56] [57]) (/usr/local/texlive/2023/texmf-dist/fonts/source/public/boisik/bskletters-o.mf [0] [92] [1] [91] [2] [3] [4] [5] [6] [7] [8] [9] [10] [94] [95] [93] [127] [11] [12] [47] [13] [41] [14] [15] [126] [34] [16] [17] [40] [18] [35] [19] [125] [20] [46] [21] [22] [23] [24] [25] [36] [26] [37]
! The paths don't intersect.
<to be read again> 
                   ;
intersectionpoint->...The paths don't intersect");
                                                  origin.else:0.5[point.x_.o...
<to be read again> 
                   )
bsktouch->...d(max(1,0.5currentbreadth)*(EXPR5))))
                                                  endgroup
l.4320 ...subpath(2,infinity) of p0,down,p1,right)
                                                  ;
This error message was generated by an `errmessage'
command, so I can't give any explicit help.
Pretend that you're Miss Marple: Examine all clues,
and deduce the truth by inspired guesses.

[27] [38] [28] [29] [30] [39] [31] [32] [33] [43] [44] [42] [45]) (/usr/local/texlive/2023/texmf-dist/fonts/source/public/boisik/bsklist-ms.mf) ) )
(some charht values had to be adjusted by as much as 0.11667pt)
(some chardp values had to be adjusted by as much as 0.10648pt)
Font metrics written on bskms10.tfm.
Output written on bskms10.300gf (256 characters, 33412 bytes).
